<?xml version="1.0" encoding="utf-8" standalone="no"?>
<test-results xmlns:xsi="http://www.w3.org/2001/XMLSchema-instance" xsi:noNamespaceSchemaLocation="nunit_schema_2.5.xsd" name="Pester" total="21" errors="0" failures="21" not-run="0" inconclusive="0" ignored="0" skipped="0" invalid="0" date="2026-04-02" time="08:27:06">
  <environment clr-version="4.0.30319.42000" user-domain="DESKTOP-IQP460N" cwd="C:\Users\HellBomb\Documents\GitHub\start-uninstaller" platform="" machine-name="DESKTOP-IQP460N" nunit-version="2.5.8.0" os-version="" user="HellBomb" />
  <culture-info current-culture="en-US" current-uiculture="en-US" />
  <test-suite type="TestFixture" name="Pester" executed="True" result="Failure" success="False" time="0.7269" asserts="0" description="Pester">
    <results>
      <test-suite type="TestFixture" name="C:\Users\HellBomb\Documents\GitHub\start-uninstaller\tests\Private\Format-OutputLine.Tests.ps1" executed="True" result="Failure" success="False" time="0.7269" asserts="0" description="C:\Users\HellBomb\Documents\GitHub\start-uninstaller\tests\Private\Format-OutputLine.Tests.ps1">
        <results>
          <test-suite type="TestFixture" name="Format-OutputLine" executed="True" result="Failure" success="False" time="0" asserts="0" description="Format-OutputLine">
            <results>
              <test-suite type="TestFixture" name="Format-OutputLine.Pipe-delimited Key=Value format" executed="True" result="Failure" success="False" time="0" asserts="0" description="Format-OutputLine.Pipe-delimited Key=Value format">
                <results>
                  <test-case description="Produces Key=Value pairs separated by pipe with spaces" name="Format-OutputLine.Pipe-delimited Key=Value format.Produces Key=Value pairs separated by pipe with spaces" time="0" asserts="0" success="False" result="Failure" executed="True">
                    <failure>
                      <message>This test should run but it did not. Most likely a setup in some parent block failed.</message>
                      <stack-trace />
                    </failure>
                  </test-case>
                  <test-case description="Produces single Key=Value when only one field" name="Format-OutputLine.Pipe-delimited Key=Value format.Produces single Key=Value when only one field" time="0" asserts="0" success="False" result="Failure" executed="True">
                    <failure>
                      <message>This test should run but it did not. Most likely a setup in some parent block failed.</message>
                      <stack-trace />
                    </failure>
                  </test-case>
                  <test-case description="Preserves field order from FieldList" name="Format-OutputLine.Pipe-delimited Key=Value format.Preserves field order from FieldList" time="0" asserts="0" success="False" result="Failure" executed="True">
                    <failure>
                      <message>This test should run but it did not. Most likely a setup in some parent block failed.</message>
                      <stack-trace />
                    </failure>
                  </test-case>
                </results>
              </test-suite>
              <test-suite type="TestFixture" name="Format-OutputLine.$Null values become &lt;null&gt;" executed="True" result="Failure" success="False" time="0" asserts="0" description="Format-OutputLine.$Null values become &lt;null&gt;">
                <results>
                  <test-case description="Renders $Null property value as &lt;null&gt;" name="Format-OutputLine.$Null values become &lt;null&gt;.Renders $Null property value as &lt;null&gt;" time="0" asserts="0" success="False" result="Failure" executed="True">
                    <failure>
                      <message>This test should run but it did not. Most likely a setup in some parent block failed.</message>
                      <stack-trace />
                    </failure>
                  </test-case>
                </results>
              </test-suite>
              <test-suite type="TestFixture" name="Format-OutputLine.CR/LF/TAB replaced with space" executed="True" result="Failure" success="False" time="0" asserts="0" description="Format-OutputLine.CR/LF/TAB replaced with space">
                <results>
                  <test-case description="Replaces carriage return with space" name="Format-OutputLine.CR/LF/TAB replaced with space.Replaces carriage return with space" time="0" asserts="0" success="False" result="Failure" executed="True">
                    <failure>
                      <message>This test should run but it did not. Most likely a setup in some parent block failed.</message>
                      <stack-trace />
                    </failure>
                  </test-case>
                  <test-case description="Replaces line feed with space" name="Format-OutputLine.CR/LF/TAB replaced with space.Replaces line feed with space" time="0" asserts="0" success="False" result="Failure" executed="True">
                    <failure>
                      <message>This test should run but it did not. Most likely a setup in some parent block failed.</message>
                      <stack-trace />
                    </failure>
                  </test-case>
                  <test-case description="Replaces tab with space" name="Format-OutputLine.CR/LF/TAB replaced with space.Replaces tab with space" time="0" asserts="0" success="False" result="Failure" executed="True">
                    <failure>
                      <message>This test should run but it did not. Most likely a setup in some parent block failed.</message>
                      <stack-trace />
                    </failure>
                  </test-case>
                  <test-case description="Replaces CRLF with space (collapses to single space)" name="Format-OutputLine.CR/LF/TAB replaced with space.Replaces CRLF with space (collapses to single space)" time="0" asserts="0" success="False" result="Failure" executed="True">
                    <failure>
                      <message>This test should run but it did not. Most likely a setup in some parent block failed.</message>
                      <stack-trace />
                    </failure>
                  </test-case>
                </results>
              </test-suite>
              <test-suite type="TestFixture" name="Format-OutputLine.Repeated whitespace collapsed" executed="True" result="Failure" success="False" time="0" asserts="0" description="Format-OutputLine.Repeated whitespace collapsed">
                <results>
                  <test-case description="Collapses multiple spaces to single space" name="Format-OutputLine.Repeated whitespace collapsed.Collapses multiple spaces to single space" time="0" asserts="0" success="False" result="Failure" executed="True">
                    <failure>
                      <message>This test should run but it did not. Most likely a setup in some parent block failed.</message>
                      <stack-trace />
                    </failure>
                  </test-case>
                  <test-case description="Collapses mixed whitespace (tabs and spaces)" name="Format-OutputLine.Repeated whitespace collapsed.Collapses mixed whitespace (tabs and spaces)" time="0" asserts="0" success="False" result="Failure" executed="True">
                    <failure>
                      <message>This test should run but it did not. Most likely a setup in some parent block failed.</message>
                      <stack-trace />
                    </failure>
                  </test-case>
                </results>
              </test-suite>
              <test-suite type="TestFixture" name="Format-OutputLine.Literal pipe escaped as \|" executed="True" result="Failure" success="False" time="0" asserts="0" description="Format-OutputLine.Literal pipe escaped as \|">
                <results>
                  <test-case description="Escapes a single pipe character" name="Format-OutputLine.Literal pipe escaped as \|.Escapes a single pipe character" time="0" asserts="0" success="False" result="Failure" executed="True">
                    <failure>
                      <message>This test should run but it did not. Most likely a setup in some parent block failed.</message>
                      <stack-trace />
                    </failure>
                  </test-case>
                  <test-case description="Escapes multiple pipe characters" name="Format-OutputLine.Literal pipe escaped as \|.Escapes multiple pipe characters" time="0" asserts="0" success="False" result="Failure" executed="True">
                    <failure>
                      <message>This test should run but it did not. Most likely a setup in some parent block failed.</message>
                      <stack-trace />
                    </failure>
                  </test-case>
                </results>
              </test-suite>
              <test-suite type="TestFixture" name="Format-OutputLine.Leading/trailing whitespace trimmed" executed="True" result="Failure" success="False" time="0" asserts="0" description="Format-OutputLine.Leading/trailing whitespace trimmed">
                <results>
                  <test-case description="Trims leading whitespace from values" name="Format-OutputLine.Leading/trailing whitespace trimmed.Trims leading whitespace from values" time="0" asserts="0" success="False" result="Failure" executed="True">
                    <failure>
                      <message>This test should run but it did not. Most likely a setup in some parent block failed.</message>
                      <stack-trace />
                    </failure>
                  </test-case>
                  <test-case description="Trims trailing whitespace from values" name="Format-OutputLine.Leading/trailing whitespace trimmed.Trims trailing whitespace from values" time="0" asserts="0" success="False" result="Failure" executed="True">
                    <failure>
                      <message>This test should run but it did not. Most likely a setup in some parent block failed.</message>
                      <stack-trace />
                    </failure>
                  </test-case>
                  <test-case description="Trims both leading and trailing whitespace" name="Format-OutputLine.Leading/trailing whitespace trimmed.Trims both leading and trailing whitespace" time="0" asserts="0" success="False" result="Failure" executed="True">
                    <failure>
                      <message>This test should run but it did not. Most likely a setup in some parent block failed.</message>
                      <stack-trace />
                    </failure>
                  </test-case>
                </results>
              </test-suite>
              <test-suite type="TestFixture" name="Format-OutputLine.Missing properties become &lt;null&gt;" executed="True" result="Failure" success="False" time="0" asserts="0" description="Format-OutputLine.Missing properties become &lt;null&gt;">
                <results>
                  <test-case description="Renders &lt;null&gt; for a property not on the record" name="Format-OutputLine.Missing properties become &lt;null&gt;.Renders &lt;null&gt; for a property not on the record" time="0" asserts="0" success="False" result="Failure" executed="True">
                    <failure>
                      <message>This test should run but it did not. Most likely a setup in some parent block failed.</message>
                      <stack-trace />
                    </failure>
                  </test-case>
                  <test-case description="Renders &lt;null&gt; for multiple missing properties" name="Format-OutputLine.Missing properties become &lt;null&gt;.Renders &lt;null&gt; for multiple missing properties" time="0" asserts="0" success="False" result="Failure" executed="True">
                    <failure>
                      <message>This test should run but it did not. Most likely a setup in some parent block failed.</message>
                      <stack-trace />
                    </failure>
                  </test-case>
                </results>
              </test-suite>
              <test-suite type="TestFixture" name="Format-OutputLine.Combined sanitization" executed="True" result="Failure" success="False" time="0" asserts="0" description="Format-OutputLine.Combined sanitization">
                <results>
                  <test-case description="Applies all sanitization rules together" name="Format-OutputLine.Combined sanitization.Applies all sanitization rules together" time="0" asserts="0" success="False" result="Failure" executed="True">
                    <failure>
                      <message>This test should run but it did not. Most likely a setup in some parent block failed.</message>
                      <stack-trace />
                    </failure>
                  </test-case>
                  <test-case description="Handles value that is entirely whitespace" name="Format-OutputLine.Combined sanitization.Handles value that is entirely whitespace" time="0" asserts="0" success="False" result="Failure" executed="True">
                    <failure>
                      <message>This test should run but it did not. Most likely a setup in some parent block failed.</message>
                      <stack-trace />
                    </failure>
                  </test-case>
                </results>
              </test-suite>
              <test-suite type="TestFixture" name="Format-OutputLine.Numeric and boolean values" executed="True" result="Failure" success="False" time="0" asserts="0" description="Format-OutputLine.Numeric and boolean values">
                <results>
                  <test-case description="Converts numeric values to string" name="Format-OutputLine.Numeric and boolean values.Converts numeric values to string" time="0" asserts="0" success="False" result="Failure" executed="True">
                    <failure>
                      <message>This test should run but it did not. Most likely a setup in some parent block failed.</message>
                      <stack-trace />
                    </failure>
                  </test-case>
                  <test-case description="Converts boolean values to string" name="Format-OutputLine.Numeric and boolean values.Converts boolean values to string" time="0" asserts="0" success="False" result="Failure" executed="True">
                    <failure>
                      <message>This test should run but it did not. Most likely a setup in some parent block failed.</message>
                      <stack-trace />
                    </failure>
                  </test-case>
                </results>
              </test-suite>
            </results>
          </test-suite>
        </results>
      </test-suite>
    </results>
  </test-suite>
</test-results>